2022-11-11 22:49:59 (UTC) [Debug]: Saving appsettings:
{"acidCamPath":"C:\\Projects\\LostSide\\electric-acid-cam","capturePath":"C:\\Projects\\LostSide\\electric-acid-cam","logLevel":1,"logPath":"C:\\Projects\\LostSide\\electric-acid-cam","isLoading":false,"successText":"App settings saved"}
2022-11-11 22:52:03 (UTC) [Info]: Registering IPC handlers
2022-11-11 22:52:03 (UTC) [Info]: Rendering UI
2022-11-11 22:52:18 (UTC) [Debug]: Saving appsettings:
{"acidCamPath":"C:\\Projects\\LostSide\\electric-acid-cam","capturePath":"C:\\Projects\\LostSide\\electric-acid-cam","logLevel":1,"logPath":"C:\\Projects\\LostSide\\electric-acid-cam","isLoading":false,"successText":"App settings saved"}
2022-11-11 22:54:32 (UTC) [Info]: Registering IPC handlers
2022-11-11 22:54:32 (UTC) [Info]: Rendering UI
2022-11-11 22:55:20 (UTC) [Info]: Registering IPC handlers
2022-11-11 22:55:20 (UTC) [Info]: Rendering UI
2022-11-11 22:56:21 (UTC) [Info]: Registering IPC handlers
2022-11-11 22:56:21 (UTC) [Info]: Rendering UI
2022-11-11 22:58:29 (UTC) [Info]: Registering IPC handlers
2022-11-11 22:58:29 (UTC) [Info]: Rendering UI
2022-11-11 22:59:02 (UTC) [Info]: Registering IPC handlers
2022-11-11 22:59:02 (UTC) [Info]: Rendering UI
2022-11-11 23:01:34 (UTC) [Info]: Registering IPC handlers
2022-11-11 23:01:34 (UTC) [Info]: Rendering UI
2022-11-11 23:01:42 (UTC) [Debug]: Saving appsettings:
{"acidCamPath":"C:\\Projects\\LostSide\\electric-acid-cam","capturePath":"C:\\Projects\\LostSide\\electric-acid-cam","logPath":"C:\\Projects\\LostSide\\electric-acid-cam","logLevel":1,"isLoading":false}
